Using pre-set license
Built from '2020.3/china_unity/release' branch; Version is '2020.3.12f1c1 (5887f62ce680) revision 5801974'; Using compiler version '192528614'; Build Type 'Release'
OS: 'Windows 10 Pro; OS build 18362.1256; Version 1903; 64bit' Language: 'zh' Physical Memory: 16327 MB
BatchMode: 1, IsHumanControllingUs: 0, StartBugReporterOnCrash: 0, Is64bit: 1, IsPro: 0

 COMMAND LINE ARGUMENTS:
G:\Unity Hub Download\2020.3.12f1c1\Editor\Unity.exe
-adb2
-batchMode
-noUpm
-name
AssetImportWorker0
-projectPath
G:/UnityProject/Task_Kits_Develop
-logFile
Logs/AssetImportWorker0.log
-srvPort
57217
Successfully changed project path to: G:/UnityProject/Task_Kits_Develop
G:/UnityProject/Task_Kits_Develop
Using Asset Import Pipeline V2.
Refreshing native plugins compatible for Editor in 24.54 ms, found 2 plugins.
Preloading 0 native plugins for Editor in 0.00 ms.
Initialize engine version: 2020.3.12f1c1 (5887f62ce680)
[Subsystems] Discovering subsystems at path G:/Unity Hub Download/2020.3.12f1c1/Editor/Data/Resources/UnitySubsystems
[Subsystems] Discovering subsystems at path G:/UnityProject/Task_Kits_Develop/Assets
GfxDevice: creating device client; threaded=0
Direct3D:
    Version:  Direct3D 11.0 [level 11.1]
    Renderer: NVIDIA GeForce GTX 970 (ID=0x13c2)
    Vendor:   
    VRAM:     4043 MB
    Driver:   26.21.14.4122
Initialize mono
Mono path[0] = 'G:/Unity Hub Download/2020.3.12f1c1/Editor/Data/Managed'
Mono path[1] = 'G:/Unity Hub Download/2020.3.12f1c1/Editor/Data/MonoBleedingEdge/lib/mono/unityjit'
Mono config path = 'G:/Unity Hub Download/2020.3.12f1c1/Editor/Data/MonoBleedingEdge/etc'
Using monoOptions --debugger-agent=transport=dt_socket,embedding=1,server=y,suspend=n,address=127.0.0.1:56520
Begin MonoManager ReloadAssembly
Registering precompiled unity dll's ...
Register platform support module: G:/Unity Hub Download/2020.3.12f1c1/Editor/Data/PlaybackEngines/WindowsStandaloneSupport/UnityEditor.WindowsStandalone.Extensions.dll
Registered in 0.000896 seconds.
Native extension for WindowsStandalone target not found
Refreshing native plugins compatible for Editor in 23.08 ms, found 2 plugins.
Preloading 0 native plugins for Editor in 0.00 ms.
Mono: successfully reloaded assembly
- Completed reload, in  0.721 seconds
Platform modules already initialized, skipping
Registering precompiled user dll's ...
Registered in 0.003155 seconds.
Begin MonoManager ReloadAssembly
Native extension for WindowsStandalone target not found
Refreshing native plugins compatible for Editor in 0.29 ms, found 2 plugins.
Preloading 0 native plugins for Editor in 0.00 ms.
Mono: successfully reloaded assembly
- Completed reload, in  0.953 seconds
Platform modules already initialized, skipping
========================================================================
Worker process is ready to serve import requests
Launched and connected shader compiler UnityShaderCompiler.exe after 0.06 seconds
Refreshing native plugins compatible for Editor in 0.47 ms, found 2 plugins.
Preloading 0 native plugins for Editor in 0.00 ms.
Unloading 1411 Unused Serialized files (Serialized files now loaded: 0)
System memory in use before: 65.2 MB.
System memory in use after: 65.3 MB.

Unloading 20 unused Assets to reduce memory usage. Loaded Objects now: 1845.
Total: 3.504900 ms (FindLiveObjects: 0.263100 ms CreateObjectMapping: 0.125200 ms MarkObjects: 3.032400 ms  DeleteObjects: 0.082800 ms)

AssetImportParameters requested are different than current active one (requested -> active):
  custom:framework-win-MediaFoundation: 216162199b28c13a410421893ffa2e32 -> 
  custom:video-decoder-ogg-theora: a1e56fd34408186e4bbccfd4996cb3dc -> 
  custom:container-muxer-webm: aa71ff27fc2769a1b78a27578f13a17b -> 
  custom:container-demuxer-webm: 4f35f7cbe854078d1ac9338744f61a02 -> 
  custom:container-demuxer-ogg: 62fdf1f143b41e24485cea50d1cbac27 -> 
  custom:video-encoder-webm-vp8: eb34c28f22e8b96e1ab97ce403110664 -> 
  custom:video-decoder-webm-vp8: 9c59270c3fd7afecdb556c50c9e8de78 -> 
  custom:audio-decoder-ogg-vorbis: bf7c407c2cedff20999df2af8eb42d56 -> 
  custom:audio-encoder-webm-vorbis: bf7c407c2cedff20999df2af8eb42d56 -> 
========================================================================
Received Import Request.
  path: Assets/_package_
  artifactKey: Guid(f73369529e24bd247836f600a8e29dc2) Importer(815301076,1909f56bfc062723c751e8b465ee728b)
Start importing Assets/_package_ using Guid(f73369529e24bd247836f600a8e29dc2) Importer(815301076,1909f56bfc062723c751e8b465ee728b)  -> (artifact id: '53e9f75eb5c7765e4ad4707a1675005b') in 0.004468 seconds 
  Import took 0.007086 seconds .

========================================================================
Received Import Request.
  Time since last request: 0.465746 seconds.
  path: Assets/_package_/Runtime
  artifactKey: Guid(71a235905aabda043b592ce670c3ca78) Importer(815301076,1909f56bfc062723c751e8b465ee728b)
Start importing Assets/_package_/Runtime using Guid(71a235905aabda043b592ce670c3ca78) Importer(815301076,1909f56bfc062723c751e8b465ee728b)  -> (artifact id: '6c3c39a9b7b238be6776646b899557de') in 0.002620 seconds 
  Import took 0.004992 seconds .

========================================================================
Received Import Request.
  Time since last request: 11.744561 seconds.
  path: Assets/_package_/Runtime/TaskKits.asmdef
  artifactKey: Guid(ffe1cacddd51ee440892dfa24e686b41) Importer(815301076,1909f56bfc062723c751e8b465ee728b)
Start importing Assets/_package_/Runtime/TaskKits.asmdef using Guid(ffe1cacddd51ee440892dfa24e686b41) Importer(815301076,1909f56bfc062723c751e8b465ee728b)  -> (artifact id: '8482b9f2a6ba424b59d2e5765337e5a8') in 0.022018 seconds 
  Import took 0.024312 seconds .

========================================================================
Received Import Request.
  Time since last request: 0.010759 seconds.
  path: Assets/_package_/Runtime/TaskKits.asmdef
  artifactKey: Guid(ffe1cacddd51ee440892dfa24e686b41) Importer(815301076,1909f56bfc062723c751e8b465ee728b)
Start importing Assets/_package_/Runtime/TaskKits.asmdef using Guid(ffe1cacddd51ee440892dfa24e686b41) Importer(815301076,1909f56bfc062723c751e8b465ee728b)  -> (artifact id: '8482b9f2a6ba424b59d2e5765337e5a8') in 0.002140 seconds 
  Import took 0.005474 seconds .

========================================================================
Received Prepare
Registering precompiled user dll's ...
Registered in 0.003135 seconds.
Begin MonoManager ReloadAssembly
Native extension for WindowsStandalone target not found
Refreshing native plugins compatible for Editor in 0.29 ms, found 2 plugins.
Preloading 0 native plugins for Editor in 0.00 ms.
Mono: successfully reloaded assembly
- Completed reload, in  0.891 seconds
Platform modules already initialized, skipping
Refreshing native plugins compatible for Editor in 0.31 ms, found 2 plugins.
Preloading 0 native plugins for Editor in 0.00 ms.
Unloading 1405 Unused Serialized files (Serialized files now loaded: 0)
System memory in use before: 65.1 MB.
System memory in use after: 65.2 MB.

Unloading 15 unused Assets to reduce memory usage. Loaded Objects now: 1849.
Total: 2.108800 ms (FindLiveObjects: 0.208900 ms CreateObjectMapping: 0.072200 ms MarkObjects: 1.805400 ms  DeleteObjects: 0.021300 ms)

AssetImportParameters requested are different than current active one (requested -> active):
  custom:framework-win-MediaFoundation: 216162199b28c13a410421893ffa2e32 -> 
  custom:video-decoder-ogg-theora: a1e56fd34408186e4bbccfd4996cb3dc -> 
  custom:container-muxer-webm: aa71ff27fc2769a1b78a27578f13a17b -> 
  custom:container-demuxer-webm: 4f35f7cbe854078d1ac9338744f61a02 -> 
  custom:container-demuxer-ogg: 62fdf1f143b41e24485cea50d1cbac27 -> 
  custom:video-encoder-webm-vp8: eb34c28f22e8b96e1ab97ce403110664 -> 
  custom:video-decoder-webm-vp8: 9c59270c3fd7afecdb556c50c9e8de78 -> 
  custom:audio-decoder-ogg-vorbis: bf7c407c2cedff20999df2af8eb42d56 -> 
  custom:audio-encoder-webm-vorbis: bf7c407c2cedff20999df2af8eb42d56 -> 
========================================================================
Received Prepare
Registering precompiled user dll's ...
Registered in 0.003258 seconds.
Begin MonoManager ReloadAssembly
Native extension for WindowsStandalone target not found
Refreshing native plugins compatible for Editor in 0.41 ms, found 2 plugins.
Preloading 0 native plugins for Editor in 0.00 ms.
Mono: successfully reloaded assembly
- Completed reload, in  0.889 seconds
Platform modules already initialized, skipping
Refreshing native plugins compatible for Editor in 0.33 ms, found 2 plugins.
Preloading 0 native plugins for Editor in 0.00 ms.
Unloading 1406 Unused Serialized files (Serialized files now loaded: 0)
System memory in use before: 65.1 MB.
System memory in use after: 65.2 MB.

Unloading 15 unused Assets to reduce memory usage. Loaded Objects now: 1854.
Total: 2.346200 ms (FindLiveObjects: 0.240200 ms CreateObjectMapping: 0.101600 ms MarkObjects: 1.984600 ms  DeleteObjects: 0.018700 ms)

AssetImportParameters requested are different than current active one (requested -> active):
  custom:framework-win-MediaFoundation: 216162199b28c13a410421893ffa2e32 -> 
  custom:video-decoder-ogg-theora: a1e56fd34408186e4bbccfd4996cb3dc -> 
  custom:container-muxer-webm: aa71ff27fc2769a1b78a27578f13a17b -> 
  custom:container-demuxer-webm: 4f35f7cbe854078d1ac9338744f61a02 -> 
  custom:container-demuxer-ogg: 62fdf1f143b41e24485cea50d1cbac27 -> 
  custom:video-encoder-webm-vp8: eb34c28f22e8b96e1ab97ce403110664 -> 
  custom:video-decoder-webm-vp8: 9c59270c3fd7afecdb556c50c9e8de78 -> 
  custom:audio-decoder-ogg-vorbis: bf7c407c2cedff20999df2af8eb42d56 -> 
  custom:audio-encoder-webm-vorbis: bf7c407c2cedff20999df2af8eb42d56 -> 
========================================================================
Received Import Request.
  Time since last request: 19.045008 seconds.
  path: Assets/_package_/Runtime/TaskCondition.cs
  artifactKey: Guid(99a2b362130e51d47bbdfc7a3ce0bf3b) Importer(815301076,1909f56bfc062723c751e8b465ee728b)
Start importing Assets/_package_/Runtime/TaskCondition.cs using Guid(99a2b362130e51d47bbdfc7a3ce0bf3b) Importer(815301076,1909f56bfc062723c751e8b465ee728b)  -> (artifact id: 'f8482e5253b3d0af3d9d978d5fca9215') in 0.053233 seconds 
  Import took 0.055493 seconds .

========================================================================
Received Prepare
Registering precompiled user dll's ...
Registered in 0.005006 seconds.
Begin MonoManager ReloadAssembly
Native extension for WindowsStandalone target not found
Refreshing native plugins compatible for Editor in 0.53 ms, found 2 plugins.
Preloading 0 native plugins for Editor in 0.00 ms.
Mono: successfully reloaded assembly
- Completed reload, in  1.276 seconds
Platform modules already initialized, skipping
Refreshing native plugins compatible for Editor in 0.48 ms, found 2 plugins.
Preloading 0 native plugins for Editor in 0.00 ms.
Unloading 1407 Unused Serialized files (Serialized files now loaded: 0)
System memory in use before: 65.2 MB.
System memory in use after: 65.4 MB.

Unloading 16 unused Assets to reduce memory usage. Loaded Objects now: 1862.
Total: 3.843900 ms (FindLiveObjects: 0.323800 ms CreateObjectMapping: 0.258700 ms MarkObjects: 3.230500 ms  DeleteObjects: 0.029400 ms)

AssetImportParameters requested are different than current active one (requested -> active):
  custom:framework-win-MediaFoundation: 216162199b28c13a410421893ffa2e32 -> 
  custom:video-decoder-ogg-theora: a1e56fd34408186e4bbccfd4996cb3dc -> 
  custom:container-muxer-webm: aa71ff27fc2769a1b78a27578f13a17b -> 
  custom:container-demuxer-webm: 4f35f7cbe854078d1ac9338744f61a02 -> 
  custom:container-demuxer-ogg: 62fdf1f143b41e24485cea50d1cbac27 -> 
  custom:video-encoder-webm-vp8: eb34c28f22e8b96e1ab97ce403110664 -> 
  custom:video-decoder-webm-vp8: 9c59270c3fd7afecdb556c50c9e8de78 -> 
  custom:audio-decoder-ogg-vorbis: bf7c407c2cedff20999df2af8eb42d56 -> 
  custom:audio-encoder-webm-vorbis: bf7c407c2cedff20999df2af8eb42d56 -> 
========================================================================
Received Import Request.
  Time since last request: 953.065536 seconds.
  path: Assets/_package_/Runtime/TaskCondition.cs
  artifactKey: Guid(99a2b362130e51d47bbdfc7a3ce0bf3b) Importer(815301076,1909f56bfc062723c751e8b465ee728b)
Start importing Assets/_package_/Runtime/TaskCondition.cs using Guid(99a2b362130e51d47bbdfc7a3ce0bf3b) Importer(815301076,1909f56bfc062723c751e8b465ee728b)  -> (artifact id: '80d6b1b14ada218ade6da917284f0c1f') in 0.034840 seconds 
  Import took 0.039166 seconds .

========================================================================
Received Import Request.
  Time since last request: 2466.790775 seconds.
  path: Assets/_package_/Runtime/TaskCondition.cs
  artifactKey: Guid(99a2b362130e51d47bbdfc7a3ce0bf3b) Importer(815301076,1909f56bfc062723c751e8b465ee728b)
Start importing Assets/_package_/Runtime/TaskCondition.cs using Guid(99a2b362130e51d47bbdfc7a3ce0bf3b) Importer(815301076,1909f56bfc062723c751e8b465ee728b)  -> (artifact id: 'bbbaa64762c3729e83fe8e7dfc1e7085') in 0.006126 seconds 
  Import took 0.011650 seconds .

========================================================================
Received Prepare
Registering precompiled user dll's ...
Registered in 0.003787 seconds.
Begin MonoManager ReloadAssembly
Native extension for WindowsStandalone target not found
Refreshing native plugins compatible for Editor in 0.32 ms, found 2 plugins.
Preloading 0 native plugins for Editor in 0.00 ms.
Mono: successfully reloaded assembly
- Completed reload, in  1.003 seconds
Platform modules already initialized, skipping
Refreshing native plugins compatible for Editor in 0.34 ms, found 2 plugins.
Preloading 0 native plugins for Editor in 0.00 ms.
Unloading 1407 Unused Serialized files (Serialized files now loaded: 0)
System memory in use before: 65.3 MB.
System memory in use after: 65.4 MB.

Unloading 16 unused Assets to reduce memory usage. Loaded Objects now: 1866.
Total: 2.678000 ms (FindLiveObjects: 0.214200 ms CreateObjectMapping: 0.061900 ms MarkObjects: 2.338700 ms  DeleteObjects: 0.061500 ms)

AssetImportParameters requested are different than current active one (requested -> active):
  custom:framework-win-MediaFoundation: 216162199b28c13a410421893ffa2e32 -> 
  custom:video-decoder-ogg-theora: a1e56fd34408186e4bbccfd4996cb3dc -> 
  custom:container-muxer-webm: aa71ff27fc2769a1b78a27578f13a17b -> 
  custom:container-demuxer-webm: 4f35f7cbe854078d1ac9338744f61a02 -> 
  custom:container-demuxer-ogg: 62fdf1f143b41e24485cea50d1cbac27 -> 
  custom:video-encoder-webm-vp8: eb34c28f22e8b96e1ab97ce403110664 -> 
  custom:video-decoder-webm-vp8: 9c59270c3fd7afecdb556c50c9e8de78 -> 
  custom:audio-decoder-ogg-vorbis: bf7c407c2cedff20999df2af8eb42d56 -> 
  custom:audio-encoder-webm-vorbis: bf7c407c2cedff20999df2af8eb42d56 -> 
AssetImportWorkerClient::OnTransportError - code=2 error=End of file
